<?xml version="1.0" encoding="UTF-8"?>
<!-- Generated by org.testng.reporters.JUnitXMLReporter -->
<testsuite ignored="4" hostname="MacBook-Pro.local" failures="0" tests="1" name="Default test" time="21.999" errors="0" timestamp="2024-12-22T16:57:11 PST">
  <testcase classname="com.testng.testcases.randomtest" name="testcase_37" time="15.341"/>
  <testcase classname="com.testng.testcases.randomtest" name="testcase_36" time="0.0">
    <ignored/>
  </testcase> <!-- testcase_36 -->
  <testcase classname="com.testng.testcases.randomtest" name="testcase_35" time="0.0">
    <ignored/>
  </testcase> <!-- testcase_35 -->
  <testcase classname="com.testng.testcases.randomtest" name="testcase_34" time="0.0">
    <ignored/>
  </testcase> <!-- testcase_34 -->
  <testcase classname="com.testng.testcases.randomtest" name="testcase_33" time="0.0">
    <ignored/>
  </testcase> <!-- testcase_33 -->
</testsuite> <!-- Default test -->
