<?xml version="1.0" encoding="UTF-8"?>
<!-- Generated by org.testng.reporters.JUnitXMLReporter -->
<testsuite ignored="2" hostname="MacBook-Pro.local" failures="0" tests="1" name="Default test" time="21.908" errors="0" timestamp="2024-12-15T20:11:50 PST">
  <testcase classname="com.testng.testcases.usermenutest" name="testcase_7" time="18.093"/>
  <testcase classname="com.testng.testcases.usermenutest" name="testcase_5" time="0.0">
    <ignored/>
  </testcase> <!-- testcase_5 -->
  <testcase classname="com.testng.testcases.usermenutest" name="testcase_6" time="0.0">
    <ignored/>
  </testcase> <!-- testcase_6 -->
</testsuite> <!-- Default test -->
