<?xml version="1.0" encoding="UTF-8"?>
<!-- Generated by org.testng.reporters.JUnitXMLReporter -->
<testsuite ignored="0" hostname="MacBook-Pro.local" failures="0" tests="5" name="SFDC Login" time="43.476" errors="0" timestamp="2024-12-17T10:50:06 PST">
  <testcase classname="com.testng.testcases.logintest" name="testcase_4a" time="0.918"/>
  <testcase classname="com.testng.testcases.logintest" name="testcase_1" time="0.653"/>
  <testcase classname="com.testng.testcases.logintest" name="testcase_2" time="2.774"/>
  <testcase classname="com.testng.testcases.logintest" name="testcase_3" time="8.01"/>
  <testcase classname="com.testng.testcases.logintest" name="testcase_4b" time="1.157"/>
</testsuite> <!-- SFDC Login -->
