<?xml version="1.0" encoding="UTF-8"?>
<testsuite xmlns:xsi="http://www.w3.org/2001/XMLSchema-instance" xsi:noNamespaceSchemaLocation="https://maven.apache.org/surefire/maven-surefire-plugin/xsd/surefire-test-report.xsd" version="3.0.2" name="TestSuite" time="64.317" tests="7" errors="0" skipped="0" failures="0">
  <properties>
[...]
</properties>
  <testcase name="testcase_4a" classname="com.testng.testcases.logintest" time="1.339">
    <system-out><![CDATA[INFO  [main] Log - =====================================================================
INFO  [main] Log - Starting Test Case: testcase Started
INFO  [main] Log - =====================================================================
]]></system-out>
    <system-err><![CDATA[SLF4J(W): No SLF4J providers were found.
SLF4J(W): Defaulting to no-operation (NOP) logger implementation
SLF4J(W): See https://www.slf4j.org/codes.html#noProviders for further details.
Starting ChromeDriver 131.0.6778.108 (3b014839fbc4fb688b2f5af512d6ce312ad208b1-refs/branch-heads/6778@{#2393}) on port 25768
Only local connections are allowed.
Please see https://chromedriver.chromium.org/security-considerations for suggestions on keeping ChromeDriver safe.
ChromeDriver was started successfully on port 25768.
Dec 14, 2024 9:17:00 AM org.openqa.selenium.remote.ProtocolHandshake createSession
INFO: Detected dialect: W3C
log4j:WARN Continuable parsing error 2 and column 69
log4j:WARN Document root element "log4j:configuration", must match DOCTYPE root "null".
log4j:WARN Continuable parsing error 2 and column 69
log4j:WARN Document is invalid: no grammar found.
]]></system-err>
  </testcase>
  <testcase name="testcase_1[geethu@company.com](1)" classname="com.testng.testcases.logintest" time="0.929">
    <system-out><![CDATA[INFO  [main] Log - =====================================================================
INFO  [main] Log - Ending Test Case: Testcase Ended
INFO  [main] Log - =====================================================================
INFO  [main] Log - =====================================================================
INFO  [main] Log - Starting Test Case: testcase Started
INFO  [main] Log - =====================================================================
]]></system-out>
    <system-err><![CDATA[Starting ChromeDriver 131.0.6778.108 (3b014839fbc4fb688b2f5af512d6ce312ad208b1-refs/branch-heads/6778@{#2393}) on port 24134
Only local connections are allowed.
Please see https://chromedriver.chromium.org/security-considerations for suggestions on keeping ChromeDriver safe.
ChromeDriver was started successfully on port 24134.
Dec 14, 2024 9:17:04 AM org.openqa.selenium.remote.ProtocolHandshake createSession
INFO: Detected dialect: W3C
log4j:WARN Continuable parsing error 2 and column 69
log4j:WARN Document root element "log4j:configuration", must match DOCTYPE root "null".
log4j:WARN Continuable parsing error 2 and column 69
log4j:WARN Document is invalid: no grammar found.
]]></system-err>
  </testcase>
  <testcase name="testcase_2[geethu@company.com, salesForce1!](1)" classname="com.testng.testcases.logintest" time="4.266">
    <system-out><![CDATA[INFO  [main] Log - =====================================================================
INFO  [main] Log - Ending Test Case: Testcase Ended
INFO  [main] Log - =====================================================================
INFO  [main] Log - =====================================================================
INFO  [main] Log - Starting Test Case: testcase Started
INFO  [main] Log - =====================================================================
]]></system-out>
    <system-err><![CDATA[Starting ChromeDriver 131.0.6778.108 (3b014839fbc4fb688b2f5af512d6ce312ad208b1-refs/branch-heads/6778@{#2393}) on port 4147
Only local connections are allowed.
Please see https://chromedriver.chromium.org/security-considerations for suggestions on keeping ChromeDriver safe.
ChromeDriver was started successfully on port 4147.
Dec 14, 2024 9:17:08 AM org.openqa.selenium.remote.ProtocolHandshake createSession
INFO: Detected dialect: W3C
log4j:WARN Continuable parsing error 2 and column 69
log4j:WARN Document root element "log4j:configuration", must match DOCTYPE root "null".
log4j:WARN Continuable parsing error 2 and column 69
log4j:WARN Document is invalid: no grammar found.
]]></system-err>
  </testcase>
  <testcase name="testcase_3[geethu@company.com, salesForce1!](1)" classname="com.testng.testcases.logintest" time="7.063">
    <system-out><![CDATA[INFO  [main] Log - =====================================================================
INFO  [main] Log - Ending Test Case: Testcase Ended
INFO  [main] Log - =====================================================================
INFO  [main] Log - =====================================================================
INFO  [main] Log - Starting Test Case: testcase Started
INFO  [main] Log - =====================================================================
]]></system-out>
    <system-err><![CDATA[Starting ChromeDriver 131.0.6778.108 (3b014839fbc4fb688b2f5af512d6ce312ad208b1-refs/branch-heads/6778@{#2393}) on port 43519
Only local connections are allowed.
Please see https://chromedriver.chromium.org/security-considerations for suggestions on keeping ChromeDriver safe.
ChromeDriver was started successfully on port 43519.
Dec 14, 2024 9:17:16 AM org.openqa.selenium.remote.ProtocolHandshake createSession
INFO: Detected dialect: W3C
log4j:WARN Continuable parsing error 2 and column 69
log4j:WARN Document root element "log4j:configuration", must match DOCTYPE root "null".
log4j:WARN Continuable parsing error 2 and column 69
log4j:WARN Document is invalid: no grammar found.
]]></system-err>
  </testcase>
  <testcase name="testcase_4b[123, 1234](1)" classname="com.testng.testcases.logintest" time="1.756">
    <system-out><![CDATA[INFO  [main] Log - =====================================================================
INFO  [main] Log - Ending Test Case: Testcase Ended
INFO  [main] Log - =====================================================================
INFO  [main] Log - =====================================================================
INFO  [main] Log - Starting Test Case: testcase Started
INFO  [main] Log - =====================================================================
]]></system-out>
    <system-err><![CDATA[Starting ChromeDriver 131.0.6778.108 (3b014839fbc4fb688b2f5af512d6ce312ad208b1-refs/branch-heads/6778@{#2393}) on port 28224
Only local connections are allowed.
Please see https://chromedriver.chromium.org/security-considerations for suggestions on keeping ChromeDriver safe.
ChromeDriver was started successfully on port 28224.
Dec 14, 2024 9:17:26 AM org.openqa.selenium.remote.ProtocolHandshake createSession
INFO: Detected dialect: W3C
log4j:WARN Continuable parsing error 2 and column 69
log4j:WARN Document root element "log4j:configuration", must match DOCTYPE root "null".
log4j:WARN Continuable parsing error 2 and column 69
log4j:WARN Document is invalid: no grammar found.
]]></system-err>
  </testcase>
  <testcase name="testcase_5[geethu@company.com, salesForce1!](1)" classname="com.testng.testcases.usermenutest" time="3.733">
    <system-out><![CDATA[INFO  [main] Log - =====================================================================
INFO  [main] Log - Ending Test Case: Testcase Ended
INFO  [main] Log - =====================================================================
]]></system-out>
    <system-err><![CDATA[Starting ChromeDriver 131.0.6778.108 (3b014839fbc4fb688b2f5af512d6ce312ad208b1-refs/branch-heads/6778@{#2393}) on port 40386
Only local connections are allowed.
Please see https://chromedriver.chromium.org/security-considerations for suggestions on keeping ChromeDriver safe.
ChromeDriver was started successfully on port 40386.
Dec 14, 2024 9:17:31 AM org.openqa.selenium.remote.ProtocolHandshake createSession
INFO: Detected dialect: W3C
]]></system-err>
  </testcase>
  <testcase name="testcase_6" classname="com.testng.testcases.usermenutest" time="20.561">
    <system-err><![CDATA[Starting ChromeDriver 131.0.6778.108 (3b014839fbc4fb688b2f5af512d6ce312ad208b1-refs/branch-heads/6778@{#2393}) on port 46242
Only local connections are allowed.
Please see https://chromedriver.chromium.org/security-considerations for suggestions on keeping ChromeDriver safe.
ChromeDriver was started successfully on port 46242.
Dec 14, 2024 9:17:38 AM org.openqa.selenium.remote.ProtocolHandshake createSession
INFO: Detected dialect: W3C
]]></system-err>
  </testcase>
</testsuite>