<?xml version="1.0" encoding="UTF-8"?>
<testng-results ignored="0" total="7" passed="6" failed="1" skipped="0">
  <reporter-output>
  </reporter-output>
  <suite started-at="2024-12-12T23:00:32 PST" name="Automation" finished-at="2024-12-12T23:01:19 PST" duration-ms="47483">
    <groups>
    </groups>
    <test started-at="2024-12-12T23:00:32 PST" name="SFDC Login" finished-at="2024-12-12T23:01:19 PST" duration-ms="47483">
      <class name="com.testng.testcases.logintest">
        <test-method is-config="true" signature="launchapplication()[pri:0, instance:com.testng.testcases.logintest@651aed93]" started-at="2024-12-12T23:00:32 PST" name="launchapplication" finished-at="2024-12-12T23:00:35 PST" duration-ms="3565" status="PASS">
          <reporter-output>
          </reporter-output>
        </test-method> <!-- launchapplication -->
        <test-method signature="testcase_4a()[pri:0, instance:com.testng.testcases.logintest@651aed93]" started-at="2024-12-12T23:00:35 PST" name="testcase_4a" finished-at="2024-12-12T23:00:37 PST" duration-ms="1307" status="PASS">
          <reporter-output>
          </reporter-output>
        </test-method> <!-- testcase_4a -->
        <test-method is-config="true" signature="teardown()[pri:0, instance:com.testng.testcases.logintest@651aed93]" started-at="2024-12-12T23:00:37 PST" name="teardown" finished-at="2024-12-12T23:00:37 PST" duration-ms="134" status="PASS">
          <reporter-output>
          </reporter-output>
        </test-method> <!-- teardown -->
        <test-method is-config="true" signature="launchapplication()[pri:0, instance:com.testng.testcases.logintest@651aed93]" started-at="2024-12-12T23:00:37 PST" name="launchapplication" finished-at="2024-12-12T23:00:39 PST" duration-ms="2516" status="PASS">
          <reporter-output>
          </reporter-output>
        </test-method> <!-- launchapplication -->
        <test-method signature="testcase_1(java.lang.String)[pri:1, instance:com.testng.testcases.logintest@651aed93]" started-at="2024-12-12T23:00:39 PST" name="testcase_1" finished-at="2024-12-12T23:00:41 PST" duration-ms="1622" status="PASS">
          <params>
            <param index="0">
              <value>
                <![CDATA[geethu@company.com]]>
              </value>
            </param>
          </params>
          <reporter-output>
          </reporter-output>
        </test-method> <!-- testcase_1 -->
        <test-method is-config="true" signature="teardown()[pri:0, instance:com.testng.testcases.logintest@651aed93]" started-at="2024-12-12T23:00:41 PST" name="teardown" finished-at="2024-12-12T23:00:41 PST" duration-ms="136" status="PASS">
          <reporter-output>
          </reporter-output>
        </test-method> <!-- teardown -->
        <test-method is-config="true" signature="launchapplication()[pri:0, instance:com.testng.testcases.logintest@651aed93]" started-at="2024-12-12T23:00:41 PST" name="launchapplication" finished-at="2024-12-12T23:00:44 PST" duration-ms="2555" status="PASS">
          <reporter-output>
          </reporter-output>
        </test-method> <!-- launchapplication -->
        <test-method signature="testcase_2(java.lang.String,java.lang.String)[pri:2, instance:com.testng.testcases.logintest@651aed93]" started-at="2024-12-12T23:00:44 PST" name="testcase_2" finished-at="2024-12-12T23:00:45 PST" duration-ms="1640" status="PASS">
          <params>
            <param index="0">
              <value>
                <![CDATA[geethu@company.com]]>
              </value>
            </param>
            <param index="1">
              <value>
                <![CDATA[salesForce1!]]>
              </value>
            </param>
          </params>
          <reporter-output>
          </reporter-output>
        </test-method> <!-- testcase_2 -->
        <test-method is-config="true" signature="teardown()[pri:0, instance:com.testng.testcases.logintest@651aed93]" started-at="2024-12-12T23:00:45 PST" name="teardown" finished-at="2024-12-12T23:00:45 PST" duration-ms="128" status="PASS">
          <reporter-output>
          </reporter-output>
        </test-method> <!-- teardown -->
        <test-method is-config="true" signature="launchapplication()[pri:0, instance:com.testng.testcases.logintest@651aed93]" started-at="2024-12-12T23:00:45 PST" name="launchapplication" finished-at="2024-12-12T23:00:48 PST" duration-ms="2531" status="PASS">
          <reporter-output>
          </reporter-output>
        </test-method> <!-- launchapplication -->
        <test-method signature="testcase_3(java.lang.String,java.lang.String)[pri:3, instance:com.testng.testcases.logintest@651aed93]" started-at="2024-12-12T23:00:48 PST" name="testcase_3" finished-at="2024-12-12T23:00:51 PST" duration-ms="3190" status="PASS">
          <params>
            <param index="0">
              <value>
                <![CDATA[geethu@company.com]]>
              </value>
            </param>
            <param index="1">
              <value>
                <![CDATA[salesForce1!]]>
              </value>
            </param>
          </params>
          <reporter-output>
          </reporter-output>
        </test-method> <!-- testcase_3 -->
        <test-method is-config="true" signature="teardown()[pri:0, instance:com.testng.testcases.logintest@651aed93]" started-at="2024-12-12T23:00:51 PST" name="teardown" finished-at="2024-12-12T23:00:51 PST" duration-ms="155" status="PASS">
          <reporter-output>
          </reporter-output>
        </test-method> <!-- teardown -->
        <test-method is-config="true" signature="launchapplication()[pri:0, instance:com.testng.testcases.logintest@651aed93]" started-at="2024-12-12T23:00:51 PST" name="launchapplication" finished-at="2024-12-12T23:00:54 PST" duration-ms="2546" status="PASS">
          <reporter-output>
          </reporter-output>
        </test-method> <!-- launchapplication -->
        <test-method signature="testcase_4b(java.lang.String,java.lang.String)[pri:5, instance:com.testng.testcases.logintest@651aed93]" started-at="2024-12-12T23:00:54 PST" name="testcase_4b" finished-at="2024-12-12T23:00:55 PST" duration-ms="1181" status="PASS">
          <params>
            <param index="0">
              <value>
                <![CDATA[123]]>
              </value>
            </param>
            <param index="1">
              <value>
                <![CDATA[1234]]>
              </value>
            </param>
          </params>
          <reporter-output>
          </reporter-output>
        </test-method> <!-- testcase_4b -->
        <test-method is-config="true" signature="teardown()[pri:0, instance:com.testng.testcases.logintest@651aed93]" started-at="2024-12-12T23:00:55 PST" name="teardown" finished-at="2024-12-12T23:00:55 PST" duration-ms="152" status="PASS">
          <reporter-output>
          </reporter-output>
        </test-method> <!-- teardown -->
      </class> <!-- com.testng.testcases.logintest -->
      <class name="com.testng.testcases.usermenutest">
        <test-method is-config="true" signature="launchapplication()[pri:0, instance:com.testng.testcases.usermenutest@4b5189ac]" started-at="2024-12-12T23:00:55 PST" name="launchapplication" finished-at="2024-12-12T23:00:58 PST" duration-ms="2521" status="PASS">
          <reporter-output>
          </reporter-output>
        </test-method> <!-- launchapplication -->
        <test-method signature="testcase_5(java.lang.String,java.lang.String)[pri:0, instance:com.testng.testcases.usermenutest@4b5189ac]" started-at="2024-12-12T23:00:58 PST" name="testcase_5" finished-at="2024-12-12T23:01:01 PST" duration-ms="3020" status="PASS">
          <params>
            <param index="0">
              <value>
                <![CDATA[geethu@company.com]]>
              </value>
            </param>
            <param index="1">
              <value>
                <![CDATA[salesForce1!]]>
              </value>
            </param>
          </params>
          <reporter-output>
          </reporter-output>
        </test-method> <!-- testcase_5 -->
        <test-method is-config="true" signature="teardown()[pri:0, instance:com.testng.testcases.usermenutest@4b5189ac]" started-at="2024-12-12T23:01:01 PST" name="teardown" finished-at="2024-12-12T23:01:01 PST" duration-ms="108" status="PASS">
          <reporter-output>
          </reporter-output>
        </test-method> <!-- teardown -->
        <test-method is-config="true" signature="launchapplication()[pri:0, instance:com.testng.testcases.usermenutest@4b5189ac]" started-at="2024-12-12T23:01:01 PST" name="launchapplication" finished-at="2024-12-12T23:01:03 PST" duration-ms="2550" status="PASS">
          <reporter-output>
          </reporter-output>
        </test-method> <!-- launchapplication -->
        <test-method signature="testcase_6()[pri:0, instance:com.testng.testcases.usermenutest@4b5189ac]" started-at="2024-12-12T23:01:03 PST" name="testcase_6" finished-at="2024-12-12T23:01:19 PST" duration-ms="15713" status="FAIL">
          <exception class="org.openqa.selenium.NoSuchElementException">
            <message>
              <![CDATA[no such element: Unable to locate element: {"method":"xpath","selector":"//iFrame[@id='uploadPhotoContentId']"}
  (Session info: chrome=131.0.6778.140)
For documentation on this error, please visit: https://www.seleniumhq.org/exceptions/no_such_element.html
Build info: version: '3.141.59', revision: 'e82be7d358', time: '2018-11-14T08:17:03'
System info: host: 'MacBook-Pro.local', ip: 'fe80:0:0:0:1c8f:c389:3b8d:e209%en0', os.name: 'Mac OS X', os.arch: 'x86_64', os.version: '15.1.1', java.version: '21.0.2'
Driver info: org.openqa.selenium.chrome.ChromeDriver
Capabilities {acceptInsecureCerts: false, browserName: chrome, browserVersion: 131.0.6778.140, chrome: {chromedriverVersion: 131.0.6778.108 (3b014839fbc..., userDataDir: /var/folders/sm/r7djlz193cg...}, fedcm:accounts: true, goog:chromeOptions: {debuggerAddress: localhost:50087}, javascriptEnabled: true, networkConnectionEnabled: false, pageLoadStrategy: normal, platform: MAC, platformName: MAC, proxy: Proxy(), setWindowRect: true, strictFileInteractability: false, timeouts: {implicit: 0, pageLoad: 300000, script: 30000}, unhandledPromptBehavior: dismiss and notify, webauthn:extension:credBlob: true, webauthn:extension:largeBlob: true, webauthn:extension:minPinLength: true, webauthn:extension:prf: true, webauthn:virtualAuthenticators: true}
Session ID: 79f59d2bd5f37c297eee651cffd0538e
*** Element info: {Using=xpath, value=//iFrame[@id='uploadPhotoContentId']}]]>
            </message>
            <full-stacktrace>
              <![CDATA[org.openqa.selenium.NoSuchElementException: no such element: Unable to locate element: {"method":"xpath","selector":"//iFrame[@id='uploadPhotoContentId']"}
  (Session info: chrome=131.0.6778.140)
For documentation on this error, please visit: https://www.seleniumhq.org/exceptions/no_such_element.html
Build info: version: '3.141.59', revision: 'e82be7d358', time: '2018-11-14T08:17:03'
System info: host: 'MacBook-Pro.local', ip: 'fe80:0:0:0:1c8f:c389:3b8d:e209%en0', os.name: 'Mac OS X', os.arch: 'x86_64', os.version: '15.1.1', java.version: '21.0.2'
Driver info: org.openqa.selenium.chrome.ChromeDriver
Capabilities {acceptInsecureCerts: false, browserName: chrome, browserVersion: 131.0.6778.140, chrome: {chromedriverVersion: 131.0.6778.108 (3b014839fbc..., userDataDir: /var/folders/sm/r7djlz193cg...}, fedcm:accounts: true, goog:chromeOptions: {debuggerAddress: localhost:50087}, javascriptEnabled: true, networkConnectionEnabled: false, pageLoadStrategy: normal, platform: MAC, platformName: MAC, proxy: Proxy(), setWindowRect: true, strictFileInteractability: false, timeouts: {implicit: 0, pageLoad: 300000, script: 30000}, unhandledPromptBehavior: dismiss and notify, webauthn:extension:credBlob: true, webauthn:extension:largeBlob: true, webauthn:extension:minPinLength: true, webauthn:extension:prf: true, webauthn:virtualAuthenticators: true}
Session ID: 79f59d2bd5f37c297eee651cffd0538e
*** Element info: {Using=xpath, value=//iFrame[@id='uploadPhotoContentId']}
at java.base/jdk.internal.reflect.DirectConstructorHandleAccessor.newInstance(DirectConstructorHandleAccessor.java:62)
at java.base/java.lang.reflect.Constructor.newInstanceWithCaller(Constructor.java:502)
at java.base/java.lang.reflect.Constructor.newInstance(Constructor.java:486)
at org.openqa.selenium.remote.http.W3CHttpResponseCodec.createException(W3CHttpResponseCodec.java:187)
at org.openqa.selenium.remote.http.W3CHttpResponseCodec.decode(W3CHttpResponseCodec.java:122)
at org.openqa.selenium.remote.http.W3CHttpResponseCodec.decode(W3CHttpResponseCodec.java:49)
at org.openqa.selenium.remote.HttpCommandExecutor.execute(HttpCommandExecutor.java:158)
at org.openqa.selenium.remote.service.DriverCommandExecutor.execute(DriverCommandExecutor.java:83)
at org.openqa.selenium.remote.RemoteWebDriver.execute(RemoteWebDriver.java:552)
at org.openqa.selenium.remote.RemoteWebDriver.findElement(RemoteWebDriver.java:323)
at org.openqa.selenium.remote.RemoteWebDriver.findElementByXPath(RemoteWebDriver.java:428)
at org.openqa.selenium.By$ByXPath.findElement(By.java:353)
at org.openqa.selenium.remote.RemoteWebDriver.findElement(RemoteWebDriver.java:315)
at org.openqa.selenium.support.pagefactory.DefaultElementLocator.findElement(DefaultElementLocator.java:69)
at org.openqa.selenium.support.pagefactory.internal.LocatingElementHandler.invoke(LocatingElementHandler.java:38)
at jdk.proxy2/jdk.proxy2.$Proxy14.getWrappedElement(Unknown Source)
at org.openqa.selenium.remote.internal.WebElementToJsonConverter.apply(WebElementToJsonConverter.java:50)
at org.openqa.selenium.remote.RemoteWebDriver$RemoteTargetLocator.frame(RemoteWebDriver.java:891)
at com.testng.pages.profilepage.switchtophotoiFrame(profilepage.java:148)
at com.testng.testcases.usermenutest.testcase_6(usermenutest.java:64)
at java.base/jdk.internal.reflect.DirectMethodHandleAccessor.invoke(DirectMethodHandleAccessor.java:103)
at java.base/java.lang.reflect.Method.invoke(Method.java:580)
at org.testng.internal.MethodInvocationHelper.invokeMethod(MethodInvocationHelper.java:133)
at org.testng.internal.TestInvoker.invokeMethod(TestInvoker.java:598)
at org.testng.internal.TestInvoker.invokeTestMethod(TestInvoker.java:173)
at org.testng.internal.MethodRunner.runInSequence(MethodRunner.java:46)
at org.testng.internal.TestInvoker$MethodInvocationAgent.invoke(TestInvoker.java:824)
at org.testng.internal.TestInvoker.invokeTestMethods(TestInvoker.java:146)
at org.testng.internal.TestMethodWorker.invokeTestMethods(TestMethodWorker.java:146)
at org.testng.internal.TestMethodWorker.run(TestMethodWorker.java:128)
at java.base/java.util.ArrayList.forEach(ArrayList.java:1596)
at org.testng.TestRunner.privateRun(TestRunner.java:794)
at org.testng.TestRunner.run(TestRunner.java:596)
at org.testng.SuiteRunner.runTest(SuiteRunner.java:377)
at org.testng.SuiteRunner.runSequentially(SuiteRunner.java:371)
at org.testng.SuiteRunner.privateRun(SuiteRunner.java:332)
at org.testng.SuiteRunner.run(SuiteRunner.java:276)
at org.testng.SuiteRunnerWorker.runSuite(SuiteRunnerWorker.java:53)
at org.testng.SuiteRunnerWorker.run(SuiteRunnerWorker.java:96)
at org.testng.TestNG.runSuitesSequentially(TestNG.java:1212)
at org.testng.TestNG.runSuitesLocally(TestNG.java:1134)
at org.testng.TestNG.runSuites(TestNG.java:1063)
at org.testng.TestNG.run(TestNG.java:1031)
at org.testng.remote.AbstractRemoteTestNG.run(AbstractRemoteTestNG.java:115)
at org.testng.remote.RemoteTestNG.initAndRun(RemoteTestNG.java:293)
at org.testng.remote.RemoteTestNG.main(RemoteTestNG.java:91)
]]>
            </full-stacktrace>
          </exception> <!-- org.openqa.selenium.NoSuchElementException -->
          <reporter-output>
          </reporter-output>
        </test-method> <!-- testcase_6 -->
        <test-method is-config="true" signature="teardown()[pri:0, instance:com.testng.testcases.usermenutest@4b5189ac]" started-at="2024-12-12T23:01:19 PST" name="teardown" finished-at="2024-12-12T23:01:19 PST" duration-ms="126" status="PASS">
          <reporter-output>
          </reporter-output>
        </test-method> <!-- teardown -->
      </class> <!-- com.testng.testcases.usermenutest -->
    </test> <!-- SFDC Login -->
  </suite> <!-- Automation -->
</testng-results>
