<?xml version="1.0" encoding="UTF-8"?>
<!-- Generated by org.testng.reporters.JUnitXMLReporter -->
<testsuite ignored="0" hostname="MacBook-Pro.local" failures="0" tests="5" name="SFDC Login" time="39.243" errors="0" timestamp="2024-12-18T11:06:49 PST">
  <testcase classname="com.testng.testcases.logintest" name="testcase_4a" time="0.968"/>
  <testcase classname="com.testng.testcases.logintest" name="testcase_1" time="0.637"/>
  <testcase classname="com.testng.testcases.logintest" name="testcase_2" time="2.353"/>
  <testcase classname="com.testng.testcases.logintest" name="testcase_3" time="3.502"/>
  <testcase classname="com.testng.testcases.logintest" name="testcase_4b" time="0.552"/>
</testsuite> <!-- SFDC Login -->
