<?xml version="1.0" encoding="UTF-8"?>
<!-- Generated by org.testng.reporters.JUnitXMLReporter -->
<testsuite ignored="0" hostname="MacBook-Pro.local" failures="0" tests="7" name="SFDC Login" time="63.299" errors="0" timestamp="2024-12-14T09:17:59 PST">
  <testcase classname="com.testng.testcases.logintest" name="testcase_4a" time="1.331"/>
  <testcase classname="com.testng.testcases.logintest" name="testcase_1" time="0.931"/>
  <testcase classname="com.testng.testcases.logintest" name="testcase_2" time="4.267"/>
  <testcase classname="com.testng.testcases.logintest" name="testcase_3" time="7.063"/>
  <testcase classname="com.testng.testcases.logintest" name="testcase_4b" time="1.758"/>
  <testcase classname="com.testng.testcases.usermenutest" name="testcase_5" time="3.734"/>
  <testcase classname="com.testng.testcases.usermenutest" name="testcase_6" time="20.562"/>
</testsuite> <!-- SFDC Login -->
